[2025-07-07 04:45:16] To: 9120185903
Message: VitaCare Medicine Reminder:
Medicine: vitamin
Dosage: 1
Time: 10:17 AM
Frequency: Daily

[2025-07-07 04:47:18] To: 9120185903
Message: VitaCare Medicine Reminder:
It's time to take your medicine!

Medicine: vitamin
Dosage: 1
Scheduled Time: 10:17 AM

[2025-07-07 04:53:47] To: 9120185903
Message: VitaCare Medicine Reminder:
It's time to take your medicine!

Medicine: vitamin
Dosage: 1
Scheduled Time: 10:17 AM

[2025-07-07 04:58:20] To: 9120185903
Message: VitaCare Medicine Reminder:
Medicine: vitamin
Dosage: 2
Time: 10:30 AM
Frequency: Daily

[2025-07-07 05:00:24] To: 9120185903
Message: VitaCare Medicine Reminder:
It's time to take your medicine!

Medicine: vitamin
Dosage: 2
Scheduled Time: 10:30 AM
Frequency: Daily

[2025-07-07 05:02:52] To: 9120185903
Message: VitaCare Medicine Reminder:
It's time to take your medicine!

Medicine: vitamin
Dosage: 2
Scheduled Time: 10:30 AM
Frequency: Daily

[2025-07-07 05:04:00] To: 9120185903
Message: VitaCare Medicine Reminder:
It's time to take your medicine!

Medicine: vitamin
Dosage: 2
Scheduled Time: 10:30 AM
Frequency: Daily

[2025-07-07 05:12:45] To: 9120185903
Message: VitaCare Medicine Reminder:
Medicine: vitamin
Dosage: 2
Time: 10:43 AM
Frequency: Daily

[2025-07-07 05:13:55] To: 9120185903
Message: VitaCare Medicine Reminder:
It's time to take your medicine!

Medicine: vitamin
Dosage: 2
Scheduled Time: 10:43 AM
Frequency: Daily

[2025-07-07 05:16:15] To: 9120185903
Message: VitaCare Medicine Reminder:
It's time to take your medicine!

Medicine: vitamin
Dosage: 2
Scheduled Time: 10:43 AM
Frequency: Daily

[2025-07-07 05:24:50] To: 9120185903
Message: VitaCare Medicine Reminder:
Medicine: vitamin
Dosage: 3
Time: 10:56 AM
Frequency: Daily

[2025-07-07 06:15:35] To: 9120185903
Message: VitaCare Medicine Reminder:
Medicine: vitamin
Dosage: 2
Time: 11:47 AM
Frequency: Daily

[2025-07-07 07:41:36] To: 9120185903
Message: VitaCare Medicine Reminder:
Medicine: vitamin
Dosage: 2
Time: 01:13 PM
Frequency: Daily

[2025-07-07 07:43:38] To: 9120185903
Message: VitaCare Medicine Reminder:
Medicine: vitamin
Dosage: 2
Time: 01:13 PM
Frequency: Daily

[2025-07-07 07:50:55] To: 9120185903
Message: VitaCare Medicine Reminder:
Medicine: vitamin
Dosage: 2
Time: 01:22 PM
Frequency: Daily

[2025-07-07 07:52:59] To: 9120185903
Message: VitaCare Medicine Reminder:
Medicine: vitamin
Dosage: 2
Time: 01:22 PM
Frequency: Daily

[2025-07-07 08:29:45] To: 2356897653
Message: VitaCare Medicine Reminder:
Medicine: vitamin
Dosage: 2
Time: 02:02 PM
Frequency: Daily

[2025-07-07 08:32:49] To: 2356897653
Message: VitaCare Medicine Reminder:
Medicine: vitamin
Dosage: 2
Time: 02:02 PM
Frequency: Daily

[2025-07-07 08:32:50] To: 2356897653
Message: VitaCare Medicine Reminder:
Medicine: vitamin
Dosage: 2
Time: 02:02 PM
Frequency: Daily

[2025-07-07 08:35:44] To: 2356897653
Message: VitaCare Medicine Reminder:
Medicine: vitamin
Dosage: 2
Time: 02:02 PM
Frequency: Daily

[2025-07-07 16:37:43] To: 2356897653
Message: VitaCare Medicine Reminder:
Medicine: vitamin
Dosage: 2
Time: 02:02 PM
Frequency: Daily

[2025-07-07 16:48:48] To: 2356897653
Message: VitaCare Medicine Reminder:
Medicine: vitamin
Dosage: 2
Time: 10:20 PM
Frequency: Daily

[2025-07-07 16:50:51] To: 2356897653
Message: VitaCare Medicine Reminder:
Medicine: vitamin
Dosage: 2
Time: 10:20 PM
Frequency: Daily

[2025-07-07 16:52:22] To: 2356897653
Message: VitaCare Medicine Reminder:
Medicine: vitamin
Dosage: 2
Time: 10:20 PM
Frequency: Daily

[2025-07-07 19:23:28] To: 2356897653
Message: VitaCare Medicine Reminder:
Medicine: vitman
Dosage: 1
Time: 12:54 AM
Frequency: Daily

[2025-07-07 19:24:42] To: 2356897653
Message: VitaCare Medicine Reminder:
Medicine: vitman
Dosage: 1
Time: 12:54 AM
Frequency: Daily

[2025-07-07 19:24:51] To: 2356897653
Message: VitaCare Medicine Reminder:
Medicine: vitman
Dosage: 1
Time: 12:54 AM
Frequency: Daily

[2025-07-07 19:24:59] To: 2356897653
Message: VitaCare Medicine Reminder:
Medicine: vitman
Dosage: 1
Time: 12:54 AM
Frequency: Daily

[2025-07-09 04:13:57] To: 2356897653
Message: VitaCare Medicine Reminder:
Medicine: vfdf
Dosage: 1
Time: 09:45 AM
Frequency: Daily

[2025-07-09 04:15:58] To: 2356897653
Message: VitaCare Medicine Reminder:
Medicine: vfdf
Dosage: 1
Time: 09:45 AM
Frequency: Daily

[2025-07-09 04:16:00] To: 2356897653
Message: VitaCare Medicine Reminder:
Medicine: vfdf
Dosage: 1
Time: 09:45 AM
Frequency: Daily

[2025-07-09 04:23:44] To: 2356897653
Message: VitaCare Medicine Reminder:
Medicine: vitmain
Dosage: 1
Time: 09:55 AM
Frequency: Daily

[2025-07-10 17:15:36] To: 9120185903
Message: VitaCare Medicine Reminder:
Medicine: smncxv 
Dosage: 1
Time: 10:47 PM
Frequency: Daily

[2025-07-10 17:17:04] To: 9120185903
Message: VitaCare Medicine Reminder:
Medicine: smncxv 
Dosage: 1
Time: 10:47 PM
Frequency: Daily

[2025-07-10 17:17:37] To: 9120185903
Message: VitaCare Medicine Reminder:
Medicine: mdms,mc
Dosage: 1
Time: 10:48 PM
Frequency: Daily

[2025-07-10 17:17:39] To: 9120185903
Message: VitaCare Medicine Reminder:
Medicine: smncxv 
Dosage: 1
Time: 10:47 PM
Frequency: Daily

[2025-07-10 17:54:06] To: 9120185903
Message: VitaCare Medicine Reminder:
Medicine: vitamin
Dosage: 1
Time: 11:25 PM
Frequency: Daily

[2025-07-10 17:55:08] To: 9120185903
Message: VitaCare Medicine Reminder:
Medicine: vitamin
Dosage: 1
Time: 11:25 PM
Frequency: Daily

[2025-07-10 18:07:45] To: 9120185903
Message: VitaCare Medicine Reminder:
Medicine: vitamin
Dosage: 1
Time: 11:39 PM
Frequency: Daily

[2025-07-10 18:09:47] To: 9120185903
Message: VitaCare Medicine Reminder:
Medicine: vitamin
Dosage: 1
Time: 11:39 PM
Frequency: Daily

[2025-07-14 16:13:10] To: 9120185903
Message: VitaCare Medicine Reminder:
Medicine: paracetamol
Dosage: 500mg
Time: 07:43 PM
Frequency: Daily

[2025-07-14 16:13:28] To: 9120185903
Message: VitaCare Medicine Reminder:
Medicine: paracetamol
Dosage: 500mg
Time: 07:44 PM
Frequency: Daily

[2025-07-14 16:13:43] To: 9120185903
Message: VitaCare Medicine Reminder:
Medicine: paracetamol
Dosage: 500mg
Time: 07:44 PM
Frequency: Daily

[2025-07-14 16:14:20] To: 9120185903
Message: VitaCare Medicine Reminder:
Medicine: paracetamol
Dosage: 500mg
Time: 07:45 PM
Frequency: Daily

[2025-07-16 09:53:28] To: 9120185903
Message: VitaCare Medicine Reminder:
Medicine: paracetamol
Dosage: 500mg
Time: 01:24 PM
Frequency: Daily

[2025-07-17 08:35:28] To: 1234567890
Message: VitaCare Medicine Reminder:
Medicine: Dolo
Dosage: 1
Time: 12:07 PM
Frequency: Daily

